2025-01-01 17:07:38,686 [INFO] Activator:176 - 


2025-01-01 17:07:38,686 [INFO] Activator:177 - !SESSION log4j initialized
2025-01-01 17:07:41,269 [INFO] LogOutputStream:77 - [STDOUT_REDIRECT] 
2025-01-01 17:07:59,501 [INFO] ApplicationProperties:184 - Using Application install path: C:\ST\STM32CubeIDE_1.13.2\STM32CubeIDE\plugins\com.st.stm32cube.common.mx_6.13.0.202411220809
2025-01-01 17:07:59,513 [INFO] DbMcusXml:78 - Set database path to: C:\ST\STM32CubeIDE_1.13.2\STM32CubeIDE\plugins\com.st.stm32cube.common.mx_6.13.0.202411220809\\db\/mcu/
2025-01-01 17:07:59,513 [INFO] ApiDb:274 - Set plugin database path to: C:\ST\STM32CubeIDE_1.13.2\STM32CubeIDE\plugins\com.st.stm32cube.common.mx_6.13.0.202411220809\\db\/plugins/boardmanager/
2025-01-01 17:07:59,513 [WARN] ApiDb:259 - Overriding images path with different value:  => C:\ST\STM32CubeIDE_1.13.2\STM32CubeIDE\plugins\com.st.stm32cube.common.mx_6.13.0.202411220809\\db\/plugins/mcufinder/images/
2025-01-01 17:07:59,518 [INFO] ApiDb:250 - Set database path to: C:\Users\jaked\.stmcufinder\plugins\mcufinder//mcu/
2025-01-01 17:07:59,519 [INFO] DbMcusAds:125 - Set database path to: C:\Users\jaked\.stmcufinder\plugins\mcufinder//mcu/
2025-01-01 17:07:59,555 [INFO] CrossReferenceDbSqlite:203 - Set database path to: C:\Users\jaked\.stmcufinder\plugins\mcufinder//mcu/cs/
2025-01-01 17:07:59,628 [INFO] RulesReader:64 - Compatibility file has been processed (297 Rules)
2025-01-01 17:07:59,686 [INFO] DbMcusXml:78 - Set database path to: C:\ST\STM32CubeIDE_1.13.2\STM32CubeIDE\plugins\com.st.stm32cube.common.mx_6.13.0.202411220809\\db\/mcu/
2025-01-01 17:07:59,686 [INFO] ApiDb:274 - Set plugin database path to: C:\ST\STM32CubeIDE_1.13.2\STM32CubeIDE\plugins\com.st.stm32cube.common.mx_6.13.0.202411220809\\db\/plugins/boardmanager/
2025-01-01 17:07:59,686 [INFO] ApiDb:261 - Set plugin images path to: C:\ST\STM32CubeIDE_1.13.2\STM32CubeIDE\plugins\com.st.stm32cube.common.mx_6.13.0.202411220809\\db\/plugins/mcufinder/images/
2025-01-01 17:07:59,686 [WARN] DbFile:41 - Overriding database path with different value: C:\Users\jaked\.stmcufinder\plugins\mcufinder/ => C:\Users\jaked\.stmcufinder\plugins\mcufinder
2025-01-01 17:07:59,686 [INFO] ApiDb:250 - Set database path to: C:\Users\jaked\.stmcufinder\plugins\mcufinder//mcu/
2025-01-01 17:07:59,686 [WARN] DbFile:41 - Overriding database path with different value: C:\Users\jaked\.stmcufinder\plugins\mcufinder/ => C:\Users\jaked\.stmcufinder\plugins\mcufinder
2025-01-01 17:07:59,686 [INFO] DbMcusAds:125 - Set database path to: C:\Users\jaked\.stmcufinder\plugins\mcufinder//mcu/
2025-01-01 17:07:59,686 [WARN] DbFile:41 - Overriding database path with different value: C:\Users\jaked\.stmcufinder\plugins\mcufinder/ => C:\Users\jaked\.stmcufinder\plugins\mcufinder
2025-01-01 17:07:59,686 [WARN] DbFile:41 - Overriding database path with different value: C:\Users\jaked\.stmcufinder\plugins\mcufinder/ => C:\Users\jaked\.stmcufinder\plugins\mcufinder
2025-01-01 17:07:59,686 [INFO] CrossReferenceDbSqlite:203 - Set database path to: C:\Users\jaked\.stmcufinder\plugins\mcufinder//mcu/cs/
2025-01-01 17:07:59,734 [INFO] MainPanel:272 - HeapMemory: 268435456
2025-01-01 17:07:59,801 [INFO] DbMcusXml:78 - Set database path to: C:\ST\STM32CubeIDE_1.13.2\STM32CubeIDE\plugins\com.st.stm32cube.common.mx_6.13.0.202411220809\\db\/mcu/
2025-01-01 17:07:59,802 [INFO] ApiDb:274 - Set plugin database path to: C:\ST\STM32CubeIDE_1.13.2\STM32CubeIDE\plugins\com.st.stm32cube.common.mx_6.13.0.202411220809\\db\/plugins/boardmanager/
2025-01-01 17:07:59,802 [INFO] ApiDb:261 - Set plugin images path to: C:\ST\STM32CubeIDE_1.13.2\STM32CubeIDE\plugins\com.st.stm32cube.common.mx_6.13.0.202411220809\\db\/plugins/mcufinder/images/
2025-01-01 17:07:59,802 [WARN] DbFile:41 - Overriding database path with different value: C:\Users\jaked\.stmcufinder\plugins\mcufinder/ => C:\Users\jaked\.stmcufinder\plugins\mcufinder
2025-01-01 17:07:59,802 [INFO] ApiDb:250 - Set database path to: C:\Users\jaked\.stmcufinder\plugins\mcufinder//mcu/
2025-01-01 17:07:59,802 [WARN] DbFile:41 - Overriding database path with different value: C:\Users\jaked\.stmcufinder\plugins\mcufinder/ => C:\Users\jaked\.stmcufinder\plugins\mcufinder
2025-01-01 17:07:59,802 [INFO] DbMcusAds:125 - Set database path to: C:\Users\jaked\.stmcufinder\plugins\mcufinder//mcu/
2025-01-01 17:07:59,802 [WARN] DbFile:41 - Overriding database path with different value: C:\Users\jaked\.stmcufinder\plugins\mcufinder/ => C:\Users\jaked\.stmcufinder\plugins\mcufinder
2025-01-01 17:07:59,802 [WARN] DbFile:41 - Overriding database path with different value: C:\Users\jaked\.stmcufinder\plugins\mcufinder/ => C:\Users\jaked\.stmcufinder\plugins\mcufinder
2025-01-01 17:07:59,802 [INFO] CrossReferenceDbSqlite:203 - Set database path to: C:\Users\jaked\.stmcufinder\plugins\mcufinder//mcu/cs/
2025-01-01 17:07:59,814 [INFO] ApplicationProperties:184 - Using Application install path: C:\ST\STM32CubeIDE_1.13.2\STM32CubeIDE\plugins\com.st.stm32cube.common.mx_6.13.0.202411220809
2025-01-01 17:07:59,815 [INFO] PluginManage:196 - Search for loadable plugins [exclusion list=, ]
2025-01-01 17:07:59,816 [INFO] PluginManage:310 - Check plugin analytics
2025-01-01 17:08:04,478 [INFO] AnalyticsPlugin:253 - Accepted Software Licenses: 
2025-01-01 17:08:04,478 [INFO] AnalyticsPlugin:255 - Accepted CMSIS Pack Licenses: 
2025-01-01 17:08:04,478 [INFO] AnalyticsPlugin:257 - Accepted Firmware Licenses: 
2025-01-01 17:08:04,479 [INFO] PluginManage:359 - Loaded plugin analytics (category:tool,tabindex:-1)
2025-01-01 17:08:04,479 [INFO] PluginManage:310 - Check plugin cadmodel
2025-01-01 17:08:04,492 [INFO] CADModel:105 - Init CAD model plugin
2025-01-01 17:08:04,492 [INFO] PluginManage:359 - Loaded plugin cadmodel (category:power,tabindex:5)
2025-01-01 17:08:04,492 [INFO] PluginManage:310 - Check plugin clock
2025-01-01 17:08:04,505 [INFO] PluginManage:359 - Loaded plugin clock (category:base,tabindex:2)
2025-01-01 17:08:04,505 [INFO] PluginManage:310 - Check plugin ddr
2025-01-01 17:08:04,507 [INFO] PluginManage:359 - Loaded plugin ddr (category:tool,tabindex:6)
2025-01-01 17:08:04,507 [INFO] PluginManage:310 - Check plugin filemanager
2025-01-01 17:08:04,592 [INFO] PluginManage:359 - Loaded plugin filemanager (category:base,tabindex:10)
2025-01-01 17:08:04,592 [INFO] PluginManage:310 - Check plugin ipmanager
2025-01-01 17:08:04,596 [INFO] PluginManage:359 - Loaded plugin ipmanager (category:base,tabindex:5)
2025-01-01 17:08:04,596 [INFO] PluginManage:310 - Check plugin lpbam
2025-01-01 17:08:04,611 [INFO] PluginManage:359 - Loaded plugin lpbam (category:base,tabindex:0)
2025-01-01 17:08:04,611 [INFO] PluginManage:310 - Check plugin memorymap
2025-01-01 17:08:04,626 [INFO] PluginManage:359 - Loaded plugin memorymap (category:base,tabindex:4)
2025-01-01 17:08:04,626 [INFO] PluginManage:310 - Check plugin pinoutandconfiguration
2025-01-01 17:08:04,639 [INFO] PluginManage:359 - Loaded plugin pinoutandconfiguration (category:base,tabindex:1)
2025-01-01 17:08:04,639 [INFO] PluginManage:310 - Check plugin pinoutconfig
2025-01-01 17:08:04,699 [WARN] SupportedApi:132 - Cannot load RTOS API schema: s4s-elt-must-match.1: The content of 'definitions' must match (annotation?, (simpleType | complexType)?, (unique | key | keyref)*)). A problem was found starting at: attribute.
2025-01-01 17:08:04,781 [INFO] PluginManage:359 - Loaded plugin pinoutconfig (category:base,tabindex:0)
2025-01-01 17:08:04,781 [INFO] PluginManage:310 - Check plugin power
2025-01-01 17:08:04,799 [INFO] PluginManage:359 - Loaded plugin power (category:power,tabindex:4)
2025-01-01 17:08:04,799 [INFO] PluginManage:310 - Check plugin projectmanager
2025-01-01 17:08:04,809 [INFO] PluginManage:359 - Loaded plugin projectmanager (category:projectmanager,tabindex:4)
2025-01-01 17:08:04,809 [INFO] PluginManage:310 - Check plugin rif
2025-01-01 17:08:04,824 [INFO] PluginManage:359 - Loaded plugin rif (category:base,tabindex:3)
2025-01-01 17:08:04,824 [INFO] PluginManage:310 - Check plugin thirdparty
2025-01-01 17:08:05,005 [INFO] PluginManage:359 - Loaded plugin thirdparty (category:base,tabindex:-1)
2025-01-01 17:08:05,005 [WARN] IntegrityCheckThread:84 - waiting for thirdparty lock release [integrity check]
2025-01-01 17:08:05,005 [INFO] PluginManage:310 - Check plugin tools
2025-01-01 17:08:05,005 [INFO] IntegrityCheckThread:86 - entering critical section [integrity check]
2025-01-01 17:08:05,005 [INFO] ThirdPartyUpdaterWithRetryManager:70 - Updater plugin not ready yet. [1/15]
2025-01-01 17:08:05,033 [INFO] PluginManage:359 - Loaded plugin tools (category:base,tabindex:7)
2025-01-01 17:08:05,033 [INFO] PluginManage:310 - Check plugin tutovideos
2025-01-01 17:08:05,150 [INFO] PluginManage:359 - Loaded plugin tutovideos (category:base,tabindex:-1)
2025-01-01 17:08:05,150 [INFO] PluginManage:310 - Check plugin updater
2025-01-01 17:08:05,164 [INFO] PluginManage:359 - Loaded plugin updater (category:base,tabindex:12)
2025-01-01 17:08:05,164 [INFO] PluginManage:310 - Check plugin userauth
2025-01-01 17:08:05,166 [INFO] UserAuth:118 - Init User Auth plugin
2025-01-01 17:08:05,167 [INFO] PluginManage:359 - Loaded plugin userauth (category:base,tabindex:14)
2025-01-01 17:08:05,167 [INFO] PluginManage:283 - PluginManage : Loaded plugins [18]
2025-01-01 17:08:05,300 [INFO] PinOutPanel:1589 - setPackage(No Configuration,No Configuration)
2025-01-01 17:08:05,350 [INFO] CADModel:165 - CPN selected for project level
2025-01-01 17:08:05,350 [INFO] CADModel:114 - Register for checkConnection events
2025-01-01 17:08:05,370 [INFO] IPUIPlugin:80 - create IPUIPlugin
2025-01-01 17:08:05,370 [INFO] PluginManager:220 - loadIPPluginJar : add adc
2025-01-01 17:08:05,398 [INFO] IPUIPlugin:80 - create IPUIPlugin
2025-01-01 17:08:05,398 [INFO] PluginManager:220 - loadIPPluginJar : add aes
2025-01-01 17:08:05,427 [INFO] IPUIPlugin:80 - create IPUIPlugin
2025-01-01 17:08:05,427 [INFO] PluginManager:220 - loadIPPluginJar : add can
2025-01-01 17:08:05,446 [INFO] IPUIPlugin:80 - create IPUIPlugin
2025-01-01 17:08:05,446 [INFO] PluginManager:220 - loadIPPluginJar : add comp
2025-01-01 17:08:05,471 [INFO] IPUIPlugin:80 - create IPUIPlugin
2025-01-01 17:08:05,471 [INFO] PluginManager:220 - loadIPPluginJar : add cryp
2025-01-01 17:08:05,479 [INFO] IPUIPlugin:80 - create IPUIPlugin
2025-01-01 17:08:05,479 [INFO] PluginManager:220 - loadIPPluginJar : add ddr_ctrl_phy
2025-01-01 17:08:05,501 [INFO] IPUIPlugin:80 - create IPUIPlugin
2025-01-01 17:08:05,501 [INFO] PluginManager:220 - loadIPPluginJar : add dfsdm
2025-01-01 17:08:05,511 [INFO] IPUIPlugin:80 - create IPUIPlugin
2025-01-01 17:08:05,511 [INFO] PluginManager:220 - loadIPPluginJar : add dma
2025-01-01 17:08:05,541 [INFO] IPUIPlugin:80 - create IPUIPlugin
2025-01-01 17:08:05,541 [INFO] PluginManager:220 - loadIPPluginJar : add dma3
2025-01-01 17:08:05,576 [INFO] IPUIPlugin:80 - create IPUIPlugin
2025-01-01 17:08:05,576 [INFO] PluginManager:220 - loadIPPluginJar : add extmemmanager
2025-01-01 17:08:05,591 [INFO] IPUIPlugin:80 - create IPUIPlugin
2025-01-01 17:08:05,592 [INFO] PluginManager:220 - loadIPPluginJar : add fatfs
2025-01-01 17:08:05,627 [INFO] IPUIPlugin:80 - create IPUIPlugin
2025-01-01 17:08:05,627 [INFO] PluginManager:220 - loadIPPluginJar : add fmc
2025-01-01 17:08:05,638 [INFO] IPUIPlugin:80 - create IPUIPlugin
2025-01-01 17:08:05,639 [INFO] PluginManager:220 - loadIPPluginJar : add freertos
2025-01-01 17:08:05,656 [INFO] IPUIPlugin:80 - create IPUIPlugin
2025-01-01 17:08:05,656 [INFO] PluginManager:220 - loadIPPluginJar : add genericplugin
2025-01-01 17:08:05,722 [INFO] IPUIPlugin:80 - create IPUIPlugin
2025-01-01 17:08:05,722 [INFO] PluginManager:220 - loadIPPluginJar : add gfxmmu
2025-01-01 17:08:05,815 [INFO] IPUIPlugin:80 - create IPUIPlugin
2025-01-01 17:08:05,815 [INFO] PluginManager:220 - loadIPPluginJar : add gic
2025-01-01 17:08:05,824 [INFO] IPUIPlugin:80 - create IPUIPlugin
2025-01-01 17:08:05,824 [INFO] PluginManager:220 - loadIPPluginJar : add gpio
2025-01-01 17:08:05,892 [INFO] IPUIPlugin:80 - create IPUIPlugin
2025-01-01 17:08:05,892 [INFO] PluginManager:220 - loadIPPluginJar : add gtzc
2025-01-01 17:08:05,917 [INFO] IPUIPlugin:80 - create IPUIPlugin
2025-01-01 17:08:05,918 [INFO] PluginManager:220 - loadIPPluginJar : add hash
2025-01-01 17:08:05,955 [INFO] IPUIPlugin:80 - create IPUIPlugin
2025-01-01 17:08:05,956 [INFO] PluginManager:220 - loadIPPluginJar : add i2c
2025-01-01 17:08:05,984 [INFO] IPUIPlugin:80 - create IPUIPlugin
2025-01-01 17:08:05,985 [INFO] PluginManager:220 - loadIPPluginJar : add i2s
2025-01-01 17:08:06,014 [INFO] IPUIPlugin:80 - create IPUIPlugin
2025-01-01 17:08:06,014 [INFO] PluginManager:220 - loadIPPluginJar : add i3c
2025-01-01 17:08:06,090 [INFO] IPUIPlugin:80 - create IPUIPlugin
2025-01-01 17:08:06,090 [INFO] PluginManager:220 - loadIPPluginJar : add ipddr
2025-01-01 17:08:06,155 [INFO] IPUIPlugin:80 - create IPUIPlugin
2025-01-01 17:08:06,155 [INFO] PluginManager:220 - loadIPPluginJar : add linkedlist
2025-01-01 17:08:06,182 [INFO] IPUIPlugin:80 - create IPUIPlugin
2025-01-01 17:08:06,182 [INFO] PluginManager:220 - loadIPPluginJar : add lorawan
2025-01-01 17:08:06,209 [INFO] IPUIPlugin:80 - create IPUIPlugin
2025-01-01 17:08:06,209 [INFO] PluginManager:220 - loadIPPluginJar : add ltdc
2025-01-01 17:08:06,219 [INFO] IPUIPlugin:80 - create IPUIPlugin
2025-01-01 17:08:06,219 [INFO] PluginManager:220 - loadIPPluginJar : add mdma
2025-01-01 17:08:06,228 [INFO] IPUIPlugin:80 - create IPUIPlugin
2025-01-01 17:08:06,228 [INFO] PluginManager:220 - loadIPPluginJar : add nvic
2025-01-01 17:08:06,255 [INFO] IPUIPlugin:80 - create IPUIPlugin
2025-01-01 17:08:06,255 [INFO] PluginManager:220 - loadIPPluginJar : add opamp
2025-01-01 17:08:06,303 [INFO] IPUIPlugin:80 - create IPUIPlugin
2025-01-01 17:08:06,303 [INFO] PluginManager:220 - loadIPPluginJar : add openamp
2025-01-01 17:08:06,334 [INFO] IPUIPlugin:80 - create IPUIPlugin
2025-01-01 17:08:06,334 [INFO] PluginManager:220 - loadIPPluginJar : add pdm2pcm
2025-01-01 17:08:06,344 [INFO] IPUIPlugin:80 - create IPUIPlugin
2025-01-01 17:08:06,345 [INFO] PluginManager:220 - loadIPPluginJar : add plateformsettings
2025-01-01 17:08:06,362 [INFO] IPUIPlugin:80 - create IPUIPlugin
2025-01-01 17:08:06,363 [INFO] PluginManager:220 - loadIPPluginJar : add quadspi
2025-01-01 17:08:06,383 [INFO] IPUIPlugin:80 - create IPUIPlugin
2025-01-01 17:08:06,384 [INFO] PluginManager:220 - loadIPPluginJar : add radio
2025-01-01 17:08:06,394 [INFO] IPUIPlugin:80 - create IPUIPlugin
2025-01-01 17:08:06,394 [INFO] PluginManager:220 - loadIPPluginJar : add resmgrutility
2025-01-01 17:08:06,430 [INFO] IPUIPlugin:80 - create IPUIPlugin
2025-01-01 17:08:06,430 [INFO] PluginManager:220 - loadIPPluginJar : add sai
2025-01-01 17:08:06,456 [INFO] IPUIPlugin:80 - create IPUIPlugin
2025-01-01 17:08:06,456 [INFO] PluginManager:220 - loadIPPluginJar : add spi
2025-01-01 17:08:06,515 [INFO] IPUIPlugin:80 - create IPUIPlugin
2025-01-01 17:08:06,515 [INFO] PluginManager:220 - loadIPPluginJar : add stm32_wpan
2025-01-01 17:08:06,537 [INFO] IPUIPlugin:80 - create IPUIPlugin
2025-01-01 17:08:06,538 [INFO] PluginManager:220 - loadIPPluginJar : add tim
2025-01-01 17:08:06,588 [INFO] IPUIPlugin:80 - create IPUIPlugin
2025-01-01 17:08:06,588 [INFO] PluginManager:220 - loadIPPluginJar : add touchsensing
2025-01-01 17:08:06,606 [INFO] IPUIPlugin:80 - create IPUIPlugin
2025-01-01 17:08:06,606 [INFO] PluginManager:220 - loadIPPluginJar : add tracer_emb
2025-01-01 17:08:06,623 [INFO] IPUIPlugin:80 - create IPUIPlugin
2025-01-01 17:08:06,623 [INFO] PluginManager:220 - loadIPPluginJar : add ts
2025-01-01 17:08:06,640 [INFO] IPUIPlugin:80 - create IPUIPlugin
2025-01-01 17:08:06,640 [INFO] PluginManager:220 - loadIPPluginJar : add tsc
2025-01-01 17:08:06,666 [INFO] IPUIPlugin:80 - create IPUIPlugin
2025-01-01 17:08:06,667 [INFO] PluginManager:220 - loadIPPluginJar : add ucpd
2025-01-01 17:08:06,719 [INFO] IPUIPlugin:80 - create IPUIPlugin
2025-01-01 17:08:06,719 [INFO] PluginManager:220 - loadIPPluginJar : add usart
2025-01-01 17:08:06,758 [INFO] IPUIPlugin:80 - create IPUIPlugin
2025-01-01 17:08:06,758 [INFO] PluginManager:220 - loadIPPluginJar : add usbx
2025-01-01 17:08:06,873 [FATAL] Updater:351 - Updater called before beeing initialized
2025-01-01 17:08:06,890 [INFO] RulesReader:64 - Compatibility file has been processed (297 Rules)
2025-01-01 17:08:06,901 [INFO] RulesReader:64 - Compatibility file has been processed (297 Rules)
2025-01-01 17:08:06,911 [INFO] CADModel:165 - CPN selected for project level
2025-01-01 17:08:06,911 [INFO] CADModel:114 - Register for checkConnection events
2025-01-01 17:08:06,911 [FATAL] Updater:351 - Updater called before beeing initialized
2025-01-01 17:08:06,912 [ERROR] CADModel:125 - Updater not yet initialized, retry later 
2025-01-01 17:08:07,091 [FATAL] Updater:351 - Updater called before beeing initialized
2025-01-01 17:08:07,093 [INFO] CADModel:165 - CPN selected for project level
2025-01-01 17:08:07,093 [INFO] CADModel:114 - Register for checkConnection events
2025-01-01 17:08:07,093 [FATAL] Updater:351 - Updater called before beeing initialized
2025-01-01 17:08:07,093 [ERROR] CADModel:125 - Updater not yet initialized, retry later 
2025-01-01 17:08:07,096 [FATAL] Updater:351 - Updater called before beeing initialized
2025-01-01 17:08:07,182 [FATAL] Updater:351 - Updater called before beeing initialized
2025-01-01 17:08:07,198 [INFO] DbMcusAds:53 - JSON generation date=Tue Dec 17 09:01:15 MST 2024 (1734451275222)
2025-01-01 17:08:07,198 [FATAL] Updater:351 - Updater called before beeing initialized
2025-01-01 17:08:07,232 [WARN] DetailPanel:346 - Failed to get advertising image, set to default
2025-01-01 17:08:07,394 [FATAL] Updater:351 - Updater called before beeing initialized
2025-01-01 17:08:07,395 [FATAL] Updater:351 - Updater called before beeing initialized
2025-01-01 17:08:07,396 [FATAL] Updater:351 - Updater called before beeing initialized
2025-01-01 17:08:07,396 [WARN] DetailPanel:346 - Failed to get advertising image, set to default
2025-01-01 17:08:07,397 [FATAL] Updater:351 - Updater called before beeing initialized
